<?xml version="1.0" encoding="UTF-8"?>
<!-- Generated by org.testng.reporters.JUnitXMLReporter -->
<testsuite hostname="DESKTOP-VNE059O" ignored="0" name="Test" tests="5" failures="4" timestamp="04 Aug 2023 20:26:11 GMT" time="4.93" errors="0">
  <testcase name="testCreatePet" time="1.172" classname="org.test.FunctionalAPI">
    <failure type="java.lang.AssertionError" message="POST request failed for /pet expected [200] but found [400]">
      <![CDATA[java.lang.AssertionError: POST request failed for /pet expected [200] but found [400]
at org.test.FunctionalAPI.testCreatePet(FunctionalAPI.java:46)
... Removed 30 stack frames]]>
    </failure>
  </testcase> <!-- testCreatePet -->
  <testcase name="testGetPetById" time="0.743" classname="org.test.FunctionalAPI"/>
  <testcase name="testUserScenario" time="1.265" classname="org.test.UseCaseTest">
    <failure type="java.lang.AssertionError" message="GET request failed for /pet/0 expected [200] but found [404]">
      <![CDATA[java.lang.AssertionError: GET request failed for /pet/0 expected [200] but found [404]
at org.test.UseCaseTest.testUserScenario(UseCaseTest.java:45)
... Removed 30 stack frames]]>
    </failure>
  </testcase> <!-- testUserScenario -->
  <testcase name="testAuthentication" time="1.0" classname="org.test.SecurityTesting">
    <failure type="java.lang.AssertionError" message="Authentication failed for /user/login expected [200] but found [405]">
      <![CDATA[java.lang.AssertionError: Authentication failed for /user/login expected [200] but found [405]
at org.test.SecurityTesting.testAuthentication(SecurityTesting.java:40)
... Removed 30 stack frames]]>
    </failure>
  </testcase> <!-- testAuthentication -->
  <testcase name="testSqlInjection" time="0.735" classname="org.test.SecurityTesting">
    <failure type="java.lang.AssertionError" message="SQL Injection vulnerability found in /pet/findByStatus">
      <![CDATA[java.lang.AssertionError: SQL Injection vulnerability found in /pet/findByStatus
at org.test.SecurityTesting.testSqlInjection(SecurityTesting.java:27)
... Removed 27 stack frames]]>
    </failure>
  </testcase> <!-- testSqlInjection -->
</testsuite> <!-- Test -->
